#
# There is insufficient memory for the Java Runtime Environment to continue.
# Native memory allocation (malloc) failed to allocate 32744 bytes for ChunkPool::allocate
# Possible reasons:
#   The system is out of physical RAM or swap space
#   In 32 bit mode, the process size limit was hit
# Possible solutions:
#   Reduce memory load on the system
#   Increase physical memory or swap space
#   Check if swap backing store is full
#   Use 64 bit Java on a 64 bit OS
#   Decrease Java heap size (-Xmx/-Xms)
#   Decrease number of Java threads
#   Decrease Java thread stack sizes (-Xss)
#   Set larger code cache with -XX:ReservedCodeCacheSize=
# This output file may be truncated or incomplete.
#
#  Out of Memory Error (allocation.cpp:273), pid=2036, tid=0x0000000000001874
#
# JRE version: Java(TM) SE Runtime Environment (8.0_111-b14) (build 1.8.0_111-b14)
# Java VM: Java HotSpot(TM) 64-Bit Server VM (25.111-b14 mixed mode windows-amd64 compressed oops)
# Failed to write core dump. Minidumps are not enabled by default on client versions of Windows
#

---------------  T H R E A D  ---------------

Current thread (0x0000000002b70800):  JavaThread "main" [_thread_in_vm, id=6260, stack(0x00000000029f0000,0x0000000002af0000)]

Stack: [0x00000000029f0000,0x0000000002af0000]
[error occurred during error reporting (printing stack bounds), id 0xc0000005]

Native frames: (J=compiled Java code, j=interpreted, Vv=VM code, C=native code)

Java frames: (J=compiled Java code, j=interpreted, Vv=VM code)
j  sun.net.www.protocol.jar.Handler.openConnection(Ljava/net/URL;)Ljava/net/URLConnection;+0
j  java.net.URL.openConnection()Ljava/net/URLConnection;+5
j  java.net.URL.openStream()Ljava/io/InputStream;+1
j  java.util.ServiceLoader.parse(Ljava/lang/Class;Ljava/net/URL;)Ljava/util/Iterator;+15
j  java.util.ServiceLoader.access$200(Ljava/util/ServiceLoader;Ljava/lang/Class;Ljava/net/URL;)Ljava/util/Iterator;+3
j  java.util.ServiceLoader$LazyIterator.hasNextService()Z+140
j  java.util.ServiceLoader$LazyIterator.hasNext()Z+11
j  java.util.ServiceLoader$1.hasNext()Z+21
j  java.sql.DriverManager$2.run()Ljava/lang/Void;+12
j  java.sql.DriverManager$2.run()Ljava/lang/Object;+1
v  ~StubRoutines::call_stub
j  java.security.AccessController.doPrivileged(Ljava/security/PrivilegedAction;)Ljava/lang/Object;+0
j  java.sql.DriverManager.loadInitialDrivers()V+27
j  java.sql.DriverManager.<clinit>()V+32
v  ~StubRoutines::call_stub
j  org.hsqldb.jdbc.JDBCDriver.<clinit>()V+13
v  ~StubRoutines::call_stub
j  java.lang.Class.forName0(Ljava/lang/String;ZLjava/lang/ClassLoader;Ljava/lang/Class;)Ljava/lang/Class;+0
j  java.lang.Class.forName(Ljava/lang/String;)Ljava/lang/Class;+11
j  szakdolgozat.Server.Server.connectToDatabase()Ljava/sql/Connection;+2
j  szakdolgozat.Server.Server.run()V+21
j  szakdolgozat.Server.Server.main([Ljava/lang/String;)V+10
v  ~StubRoutines::call_stub

---------------  P R O C E S S  ---------------

Java Threads: ( => current thread )
  0x0000000014c3d800 JavaThread "Service Thread" daemon [_thread_blocked, id=7708, stack(0x0000000016920000,0x0000000016a20000)]
  0x0000000014be8000 JavaThread "C1 CompilerThread2" daemon [_thread_blocked, id=11556, stack(0x0000000016420000,0x0000000016520000)]
  0x0000000014be2800 JavaThread "C2 CompilerThread1" daemon [_thread_blocked, id=1100, stack(0x0000000016320000,0x0000000016420000)]
  0x0000000014bdf000 JavaThread "C2 CompilerThread0" daemon [_thread_blocked, id=13064, stack(0x0000000016220000,0x0000000016320000)]
  0x0000000014bdd800 JavaThread "Attach Listener" daemon [_thread_blocked, id=7152, stack(0x0000000016120000,0x0000000016220000)]
  0x0000000014bdc800 JavaThread "Signal Dispatcher" daemon [_thread_blocked, id=9788, stack(0x0000000016020000,0x0000000016120000)]
  0x0000000014bca800 JavaThread "Finalizer" daemon [_thread_blocked, id=9076, stack(0x0000000015e30000,0x0000000015f30000)]
  0x0000000014ba9000 JavaThread "Reference Handler" daemon [_thread_blocked, id=6236, stack(0x0000000015d30000,0x0000000015e30000)]
=>0x0000000002b70800 JavaThread "main" [_thread_in_vm, id=6260, stack(0x00000000029f0000,0x0000000002af0000)]

Other Threads:
  0x0000000014ba7800 VMThread [stack: 0x0000000015c30000,0x0000000015d30000] [id=10316]
  0x000000001656e800 WatcherThread [stack: 0x0000000016a20000,0x0000000016b20000] [id=8000]

VM state:not at safepoint (normal execution)

VM Mutex/Monitor currently owned by a thread: None

Heap:
 PSYoungGen      total 15360K, used 1337K [0x00000000eee00000, 0x00000000eff00000, 0x0000000100000000)
  eden space 13312K, 10% used [0x00000000eee00000,0x00000000eef4e770,0x00000000efb00000)
  from space 2048K, 0% used [0x00000000efd00000,0x00000000efd00000,0x00000000eff00000)
  to   space 2048K, 0% used [0x00000000efb00000,0x00000000efb00000,0x00000000efd00000)
 ParOldGen       total 35840K, used 0K [0x00000000cca00000, 0x00000000ced00000, 0x00000000eee00000)
  object space 35840K, 0% used [0x00000000cca00000,0x00000000cca00000,0x00000000ced00000)
 Metaspace       used 3559K, capacity 4534K, committed 4864K, reserved 1056768K
  class space    used 402K, capacity 426K, committed 512K, reserved 1048576K

Card table byte_map: [0x0000000012030000,0x00000000121d0000] byte_map_base: 0x00000000119cb000

Marking Bits: (ParMarkBitMap*) 0x0000000073b3a6c0
 Begin Bits: [0x00000000126f0000, 0x00000000133c8000)
 End Bits:   [0x00000000133c8000, 0x00000000140a0000)

Polling page: 0x0000000000d80000

CodeCache: size=245760Kb used=1156Kb max_used=1156Kb free=244603Kb
 bounds [0x0000000002c70000, 0x0000000002ee0000, 0x0000000011c70000]
 total_blobs=294 nmethods=45 adapters=163
 compilation: enabled

Compilation events (10 events):
Event: 5.016 Thread 0x0000000014be8000   41       3       java.lang.String::startsWith (7 bytes)
Event: 5.016 Thread 0x0000000014be8000 nmethod 41 0x0000000002d8fcd0 code [0x0000000002d8fe40, 0x0000000002d90048]
Event: 5.016 Thread 0x0000000014be8000   42       1       java.util.ArrayList::size (5 bytes)
Event: 5.016 Thread 0x0000000014be8000 nmethod 42 0x0000000002d900d0 code [0x0000000002d90220, 0x0000000002d90330]
Event: 5.016 Thread 0x0000000014be8000   43       3       java.lang.Character::toUpperCase (6 bytes)
Event: 5.016 Thread 0x0000000014be8000 nmethod 43 0x0000000002d90390 code [0x0000000002d90500, 0x0000000002d90798]
Event: 5.016 Thread 0x0000000014be8000   44       3       java.lang.Character::toUpperCase (9 bytes)
Event: 5.016 Thread 0x0000000014be8000 nmethod 44 0x0000000002d908d0 code [0x0000000002d90a40, 0x0000000002d90c78]
Event: 5.016 Thread 0x0000000014be8000   45       3       java.lang.CharacterDataLatin1::toUpperCase (53 bytes)
Event: 5.017 Thread 0x0000000014be8000 nmethod 45 0x0000000002d90d50 code [0x0000000002d90ec0, 0x0000000002d911b0]

GC Heap History (0 events):
No events

Deoptimization events (0 events):
No events

Internal exceptions (6 events):
Event: 0.080 Thread 0x0000000002b70800 Exception <a 'java/lang/NoSuchMethodError': Method sun.misc.Unsafe.defineClass(Ljava/lang/String;[BII)Ljava/lang/Class; name or signature does not match> (0x00000000eee07c78) thrown at [C:\re\workspace\8-2-build-windows-amd64-cygwin\jdk8u111\7883\hotspot\
Event: 0.080 Thread 0x0000000002b70800 Exception <a 'java/lang/NoSuchMethodError': Method sun.misc.Unsafe.prefetchRead(Ljava/lang/Object;J)V name or signature does not match> (0x00000000eee07f60) thrown at [C:\re\workspace\8-2-build-windows-amd64-cygwin\jdk8u111\7883\hotspot\src\share\vm\prims
Event: 5.013 Thread 0x0000000002b70800 Exception <a 'java/security/PrivilegedActionException'> (0x00000000eef1efb0) thrown at [C:\re\workspace\8-2-build-windows-amd64-cygwin\jdk8u111\7883\hotspot\src\share\vm\prims\jvm.cpp, line 1386]
Event: 5.013 Thread 0x0000000002b70800 Exception <a 'java/security/PrivilegedActionException'> (0x00000000eef1f1c0) thrown at [C:\re\workspace\8-2-build-windows-amd64-cygwin\jdk8u111\7883\hotspot\src\share\vm\prims\jvm.cpp, line 1386]
Event: 5.014 Thread 0x0000000002b70800 Exception <a 'java/security/PrivilegedActionException'> (0x00000000eef23290) thrown at [C:\re\workspace\8-2-build-windows-amd64-cygwin\jdk8u111\7883\hotspot\src\share\vm\prims\jvm.cpp, line 1386]
Event: 5.014 Thread 0x0000000002b70800 Exception <a 'java/security/PrivilegedActionException'> (0x00000000eef234a0) thrown at [C:\re\workspace\8-2-build-windows-amd64-cygwin\jdk8u111\7883\hotspot\src\share\vm\prims\jvm.cpp, line 1386]

Events (10 events):
Event: 5.013 loading class java/io/IOException done
Event: 5.013 loading class java/io/FileNotFoundException done
Event: 5.013 loading class java/security/PrivilegedActionException
Event: 5.013 loading class java/security/PrivilegedActionException done
Event: 5.014 loading class java/net/URLClassLoader$3$1
Event: 5.015 loading class java/net/URLClassLoader$3$1 done
Event: 5.015 loading class sun/net/www/protocol/jar/JarURLConnection
Event: 5.015 loading class java/net/JarURLConnection
Event: 5.015 loading class java/net/JarURLConnection done
Event: 5.015 loading class sun/net/www/protocol/jar/JarURLConnection done


Dynamic libraries:
0x00007ff6b49f0000 - 0x00007ff6b4a27000 	C:\Program Files\Java\jdk1.8.0_111\bin\java.exe
0x00007ffef0a80000 - 0x00007ffef0c52000 	C:\WINDOWS\SYSTEM32\ntdll.dll
0x00007ffef0870000 - 0x00007ffef091c000 	C:\WINDOWS\System32\KERNEL32.DLL
0x00007ffeeddf0000 - 0x00007ffeee00d000 	C:\WINDOWS\System32\KERNELBASE.dll
0x00007ffeeff60000 - 0x00007ffef0002000 	C:\WINDOWS\System32\ADVAPI32.dll
0x00007ffef0920000 - 0x00007ffef09be000 	C:\WINDOWS\System32\msvcrt.dll
0x00007ffef09c0000 - 0x00007ffef0a19000 	C:\WINDOWS\System32\sechost.dll
0x00007ffef05a0000 - 0x00007ffef06c1000 	C:\WINDOWS\System32\RPCRT4.dll
0x00007ffeee320000 - 0x00007ffeee485000 	C:\WINDOWS\System32\USER32.dll
0x00007ffeed370000 - 0x00007ffeed38e000 	C:\WINDOWS\System32\win32u.dll
0x00007ffeee2e0000 - 0x00007ffeee314000 	C:\WINDOWS\System32\GDI32.dll
0x00007ffeecf80000 - 0x00007ffeed100000 	C:\WINDOWS\System32\gdi32full.dll
0x00007ffee4150000 - 0x00007ffee43ca000 	C:\WINDOWS\WinSxS\amd64_microsoft.windows.common-controls_6595b64144ccf1df_6.0.14393.953_none_42151e83c686086b\COMCTL32.dll
0x00007ffef0080000 - 0x00007ffef0348000 	C:\WINDOWS\System32\combase.dll
0x00007ffeed1b0000 - 0x00007ffeed2a5000 	C:\WINDOWS\System32\ucrtbase.dll
0x00007ffeed2b0000 - 0x00007ffeed31a000 	C:\WINDOWS\System32\bcryptPrimitives.dll
0x00007ffeee950000 - 0x00007ffeee97e000 	C:\WINDOWS\System32\IMM32.DLL
0x0000000074620000 - 0x00000000746f2000 	C:\Program Files\Java\jdk1.8.0_111\jre\bin\msvcr100.dll
0x0000000073320000 - 0x0000000073bba000 	C:\Program Files\Java\jdk1.8.0_111\jre\bin\server\jvm.dll
0x00007ffeeff50000 - 0x00007ffeeff58000 	C:\WINDOWS\System32\PSAPI.DLL
0x00007ffee5d50000 - 0x00007ffee5d59000 	C:\WINDOWS\SYSTEM32\WSOCK32.dll
0x00007ffeeb340000 - 0x00007ffeeb363000 	C:\WINDOWS\SYSTEM32\WINMM.dll
0x00007ffee8cb0000 - 0x00007ffee8cba000 	C:\WINDOWS\SYSTEM32\VERSION.dll
0x00007ffeee110000 - 0x00007ffeee17a000 	C:\WINDOWS\System32\WS2_32.dll
0x0000000001330000 - 0x000000000135b000 	C:\WINDOWS\SYSTEM32\WINMMBASE.dll
0x00007ffeed320000 - 0x00007ffeed362000 	C:\WINDOWS\System32\cfgmgr32.dll
0x0000000074960000 - 0x000000007496f000 	C:\Program Files\Java\jdk1.8.0_111\jre\bin\verify.dll
0x00000000745f0000 - 0x0000000074619000 	C:\Program Files\Java\jdk1.8.0_111\jre\bin\java.dll
0x00000000745d0000 - 0x00000000745e6000 	C:\Program Files\Java\jdk1.8.0_111\jre\bin\zip.dll
0x00007ffeeea40000 - 0x00007ffeeff48000 	C:\WINDOWS\System32\SHELL32.dll
0x00007ffeed710000 - 0x00007ffeeddea000 	C:\WINDOWS\System32\windows.storage.dll
0x00007ffeecf30000 - 0x00007ffeecf7c000 	C:\WINDOWS\System32\powrprof.dll
0x00007ffeee4b0000 - 0x00007ffeee502000 	C:\WINDOWS\System32\shlwapi.dll
0x00007ffeecf20000 - 0x00007ffeecf2f000 	C:\WINDOWS\System32\kernel.appcore.dll
0x00007ffeed490000 - 0x00007ffeed539000 	C:\WINDOWS\System32\shcore.dll
0x00007ffeecf00000 - 0x00007ffeecf14000 	C:\WINDOWS\System32\profapi.dll
0x00000000745b0000 - 0x00000000745ca000 	C:\Program Files\Java\jdk1.8.0_111\jre\bin\net.dll
0x00007ffeec820000 - 0x00007ffeec87c000 	C:\WINDOWS\system32\mswsock.dll

VM Arguments:
jvm_args: -Dfile.encoding=UTF-8 
java_command: szakdolgozat.Server.Server
java_class_path (initial): C:\Program Files\NetBeans 8.2\java\modules\ext\AbsoluteLayout.jar;C:\Users\Adrienn\Desktop\hsqldb\lib\hsqldb.jar;C:\Users\Adrienn\Documents\GitHub\javaProject\build\classes
Launcher Type: SUN_STANDARD

Environment Variables:
PATH=C:\ProgramData\Oracle\Java\javapath;C:\WINDOWS\system32;C:\WINDOWS;C:\WINDOWS\System32\Wbem;C:\WINDOWS\System32\WindowsPowerShell\v1.0\;C:\WINDOWS\system32\config\systemprofile\.dnx\bin;C:\Program Files\Microsoft DNX\Dnvm\;C:\Program Files\Microsoft SQL Server\130\Tools\Binn\;C:\Program Files (x86)\AMD\ATI.ACE\Core-Static;C:\Program Files\Java\jdk1.8.0_111\bin;C:\Program Files\Git\cmd;C:\ProgramData\Anaconda2;C:\Python27;C:\Users\Adrienn\AppData\Local\Microsoft\WindowsApps;
USERNAME=Adrienn
OS=Windows_NT
PROCESSOR_IDENTIFIER=AMD64 Family 21 Model 16 Stepping 1, AuthenticAMD



---------------  S Y S T E M  ---------------

OS: Windows 10.0 , 64 bit Build 14393 (10.0.14393.1198)

CPU:total 4 (4 cores per cpu, 1 threads per core) family 21 model 16 stepping 1, cmov, cx8, fxsr, mmx, sse, sse2, sse3, ssse3, sse4.1, sse4.2, popcnt, avx, aes, clmul, mmxext, 3dnowpref, lzcnt, sse4a, tsc, tscinvbit, tscinv, bmi1

Memory: 4k page, physical 3366256k(282248k free), swap 13852016k(1848k free)

vm_info: Java HotSpot(TM) 64-Bit Server VM (25.111-b14) for windows-amd64 JRE (1.8.0_111-b14), built on Sep 22 2016 19:24:05 by "java_re" with MS VC++ 10.0 (VS2010)

time: Wed Oct 11 12:47:04 2017
elapsed time: 5 seconds (0d 0h 0m 5s)

