#
# There is insufficient memory for the Java Runtime Environment to continue.
# Native memory allocation (malloc) failed to allocate 32744 bytes for ChunkPool::allocate
# Possible reasons:
#   The system is out of physical RAM or swap space
#   In 32 bit mode, the process size limit was hit
# Possible solutions:
#   Reduce memory load on the system
#   Increase physical memory or swap space
#   Check if swap backing store is full
#   Use 64 bit Java on a 64 bit OS
#   Decrease Java heap size (-Xmx/-Xms)
#   Decrease number of Java threads
#   Decrease Java thread stack sizes (-Xss)
#   Set larger code cache with -XX:ReservedCodeCacheSize=
# This output file may be truncated or incomplete.
#
#  Out of Memory Error (allocation.cpp:273), pid=6432, tid=0x0000000000002a30
#
# JRE version: Java(TM) SE Runtime Environment (8.0_111-b14) (build 1.8.0_111-b14)
# Java VM: Java HotSpot(TM) 64-Bit Server VM (25.111-b14 mixed mode windows-amd64 compressed oops)
# Failed to write core dump. Minidumps are not enabled by default on client versions of Windows
#

---------------  T H R E A D  ---------------

Current thread (0x00000000148b5000):  JavaThread "C1 CompilerThread2" daemon [_thread_in_native, id=10800, stack(0x0000000016110000,0x0000000016210000)]

Stack: [0x0000000016110000,0x0000000016210000]
[error occurred during error reporting (printing stack bounds), id 0xc0000005]

Native frames: (J=compiled Java code, j=interpreted, Vv=VM code, C=native code)


Current CompileTask:
C1:    691  163       3       jdk.internal.org.objectweb.asm.Frame::execute (2252 bytes)


---------------  P R O C E S S  ---------------

Java Threads: ( => current thread )
  0x0000000016240800 JavaThread "Service Thread" daemon [_thread_blocked, id=352, stack(0x0000000016610000,0x0000000016710000)]
=>0x00000000148b5000 JavaThread "C1 CompilerThread2" daemon [_thread_in_native, id=10800, stack(0x0000000016110000,0x0000000016210000)]
  0x00000000148b2000 JavaThread "C2 CompilerThread1" daemon [_thread_in_native, id=10552, stack(0x0000000016010000,0x0000000016110000)]
  0x00000000148ae800 JavaThread "C2 CompilerThread0" daemon [_thread_blocked, id=2892, stack(0x0000000015f10000,0x0000000016010000)]
  0x00000000148ad800 JavaThread "Attach Listener" daemon [_thread_blocked, id=3068, stack(0x0000000015e10000,0x0000000015f10000)]
  0x00000000148ac800 JavaThread "Signal Dispatcher" daemon [_thread_blocked, id=2412, stack(0x0000000015d10000,0x0000000015e10000)]
  0x000000000293b000 JavaThread "Finalizer" daemon [_thread_blocked, id=4184, stack(0x0000000015b20000,0x0000000015c20000)]
  0x0000000002932000 JavaThread "Reference Handler" daemon [_thread_blocked, id=9328, stack(0x0000000015a20000,0x0000000015b20000)]
  0x0000000002840800 JavaThread "main" [_thread_in_vm, id=12188, stack(0x0000000002740000,0x0000000002840000)]

Other Threads:
  0x0000000014877000 VMThread [stack: 0x0000000015920000,0x0000000015a20000] [id=5192]
  0x000000001490d000 WatcherThread [stack: 0x0000000016710000,0x0000000016810000] [id=4532]

VM state:not at safepoint (normal execution)

VM Mutex/Monitor currently owned by a thread: None

Heap:
 PSYoungGen      total 15360K, used 1864K [0x00000000eee00000, 0x00000000eff00000, 0x0000000100000000)
  eden space 13312K, 14% used [0x00000000eee00000,0x00000000eefd2008,0x00000000efb00000)
  from space 2048K, 0% used [0x00000000efd00000,0x00000000efd00000,0x00000000eff00000)
  to   space 2048K, 0% used [0x00000000efb00000,0x00000000efb00000,0x00000000efd00000)
 ParOldGen       total 35840K, used 0K [0x00000000cca00000, 0x00000000ced00000, 0x00000000eee00000)
  object space 35840K, 0% used [0x00000000cca00000,0x00000000cca00000,0x00000000ced00000)
 Metaspace       used 4303K, capacity 4792K, committed 4992K, reserved 1056768K
  class space    used 498K, capacity 575K, committed 640K, reserved 1048576K

Card table byte_map: [0x0000000011d00000,0x0000000011ea0000] byte_map_base: 0x000000001169b000

Marking Bits: (ParMarkBitMap*) 0x0000000073b3a6c0
 Begin Bits: [0x00000000123c0000, 0x0000000013098000)
 End Bits:   [0x0000000013098000, 0x0000000013d70000)

Polling page: 0x00000000007f0000

CodeCache: size=245760Kb used=1335Kb max_used=1335Kb free=244424Kb
 bounds [0x0000000002940000, 0x0000000002bb0000, 0x0000000011940000]
 total_blobs=434 nmethods=170 adapters=178
 compilation: enabled

Compilation events (10 events):
Event: 0.403 Thread 0x00000000148b5000  155       3       java.lang.invoke.MethodType::checkPtype (19 bytes)
Event: 0.403 Thread 0x00000000148b5000 nmethod 155 0x0000000002a87890 code [0x0000000002a87a20, 0x0000000002a87df8]
Event: 0.403 Thread 0x00000000148b5000  157       3       java.lang.invoke.MethodTypeForm::canonicalize (233 bytes)
Event: 0.405 Thread 0x00000000148b5000 nmethod 157 0x0000000002a88290 code [0x0000000002a884e0, 0x0000000002a89098]
Event: 0.405 Thread 0x00000000148b5000  159       3       java.lang.invoke.InvokerBytecodeGenerator::isStaticallyNameable (116 bytes)
Event: 0.407 Thread 0x00000000148b5000 nmethod 159 0x0000000002a898d0 code [0x0000000002a89c40, 0x0000000002a8bd18]
Event: 0.407 Thread 0x00000000148b5000  164       3       java.lang.String::<init> (10 bytes)
Event: 0.408 Thread 0x00000000148b5000 nmethod 164 0x0000000002a8ce50 code [0x0000000002a8cfa0, 0x0000000002a8d170]
Event: 0.408 Thread 0x00000000148b5000  163       3       jdk.internal.org.objectweb.asm.Frame::execute (2252 bytes)
Event: 0.413 Thread 0x00000000148b2000  177       4       jdk.internal.org.objectweb.asm.ByteVector::putUTF8 (142 bytes)

GC Heap History (0 events):
No events

Deoptimization events (0 events):
No events

Internal exceptions (9 events):
Event: 0.051 Thread 0x0000000002840800 Exception <a 'java/lang/NoSuchMethodError': Method sun.misc.Unsafe.defineClass(Ljava/lang/String;[BII)Ljava/lang/Class; name or signature does not match> (0x00000000eee07c78) thrown at [C:\re\workspace\8-2-build-windows-amd64-cygwin\jdk8u111\7883\hotspot\
Event: 0.051 Thread 0x0000000002840800 Exception <a 'java/lang/NoSuchMethodError': Method sun.misc.Unsafe.prefetchRead(Ljava/lang/Object;J)V name or signature does not match> (0x00000000eee07f60) thrown at [C:\re\workspace\8-2-build-windows-amd64-cygwin\jdk8u111\7883\hotspot\src\share\vm\prims
Event: 0.329 Thread 0x0000000002840800 Exception <a 'java/security/PrivilegedActionException'> (0x00000000eeedafe0) thrown at [C:\re\workspace\8-2-build-windows-amd64-cygwin\jdk8u111\7883\hotspot\src\share\vm\prims\jvm.cpp, line 1386]
Event: 0.329 Thread 0x0000000002840800 Exception <a 'java/security/PrivilegedActionException'> (0x00000000eeedb1f0) thrown at [C:\re\workspace\8-2-build-windows-amd64-cygwin\jdk8u111\7883\hotspot\src\share\vm\prims\jvm.cpp, line 1386]
Event: 0.330 Thread 0x0000000002840800 Exception <a 'java/security/PrivilegedActionException'> (0x00000000eeedf0d8) thrown at [C:\re\workspace\8-2-build-windows-amd64-cygwin\jdk8u111\7883\hotspot\src\share\vm\prims\jvm.cpp, line 1386]
Event: 0.330 Thread 0x0000000002840800 Exception <a 'java/security/PrivilegedActionException'> (0x00000000eeedf2e8) thrown at [C:\re\workspace\8-2-build-windows-amd64-cygwin\jdk8u111\7883\hotspot\src\share\vm\prims\jvm.cpp, line 1386]
Event: 0.341 Thread 0x0000000002840800 Exception <a 'java/io/FileNotFoundException'> (0x00000000eeee6fd8) thrown at [C:\re\workspace\8-2-build-windows-amd64-cygwin\jdk8u111\7883\hotspot\src\share\vm\prims\jni.cpp, line 709]
Event: 0.410 Thread 0x0000000002840800 Exception <a 'java/lang/NoSuchFieldError': method resolution failed> (0x00000000eefb5170) thrown at [C:\re\workspace\8-2-build-windows-amd64-cygwin\jdk8u111\7883\hotspot\src\share\vm\prims\methodHandles.cpp, line 1146]
Event: 0.414 Thread 0x0000000002840800 Exception <a 'java/lang/NoSuchFieldError': method resolution failed> (0x00000000eefc2540) thrown at [C:\re\workspace\8-2-build-windows-amd64-cygwin\jdk8u111\7883\hotspot\src\share\vm\prims\methodHandles.cpp, line 1146]

Events (10 events):
Event: 0.388 loading class java/lang/invoke/WrongMethodTypeException
Event: 0.388 loading class java/lang/invoke/WrongMethodTypeException done
Event: 0.390 loading class java/lang/invoke/MethodHandleImpl$Lazy
Event: 0.391 loading class java/lang/invoke/MethodHandleImpl$Lazy done
Event: 0.391 loading class java/lang/invoke/MethodHandleImpl$IntrinsicMethodHandle
Event: 0.391 loading class java/lang/invoke/MethodHandleImpl$IntrinsicMethodHandle done
Event: 0.410 loading class java/lang/NoSuchFieldError
Event: 0.410 loading class java/lang/NoSuchFieldError done
Event: 0.411 loading class java/lang/IllegalAccessException
Event: 0.411 loading class java/lang/IllegalAccessException done


Dynamic libraries:
0x00007ff6b49f0000 - 0x00007ff6b4a27000 	C:\Program Files\Java\jdk1.8.0_111\bin\java.exe
0x00007ffef0a80000 - 0x00007ffef0c52000 	C:\WINDOWS\SYSTEM32\ntdll.dll
0x00007ffef0870000 - 0x00007ffef091c000 	C:\WINDOWS\System32\KERNEL32.DLL
0x00007ffeeddf0000 - 0x00007ffeee00d000 	C:\WINDOWS\System32\KERNELBASE.dll
0x00007ffeeff60000 - 0x00007ffef0002000 	C:\WINDOWS\System32\ADVAPI32.dll
0x00007ffef0920000 - 0x00007ffef09be000 	C:\WINDOWS\System32\msvcrt.dll
0x00007ffef09c0000 - 0x00007ffef0a19000 	C:\WINDOWS\System32\sechost.dll
0x00007ffef05a0000 - 0x00007ffef06c1000 	C:\WINDOWS\System32\RPCRT4.dll
0x00007ffeee320000 - 0x00007ffeee485000 	C:\WINDOWS\System32\USER32.dll
0x00007ffeed370000 - 0x00007ffeed38e000 	C:\WINDOWS\System32\win32u.dll
0x00007ffeee2e0000 - 0x00007ffeee314000 	C:\WINDOWS\System32\GDI32.dll
0x00007ffeecf80000 - 0x00007ffeed100000 	C:\WINDOWS\System32\gdi32full.dll
0x00007ffee4150000 - 0x00007ffee43ca000 	C:\WINDOWS\WinSxS\amd64_microsoft.windows.common-controls_6595b64144ccf1df_6.0.14393.953_none_42151e83c686086b\COMCTL32.dll
0x00007ffef0080000 - 0x00007ffef0348000 	C:\WINDOWS\System32\combase.dll
0x00007ffeed1b0000 - 0x00007ffeed2a5000 	C:\WINDOWS\System32\ucrtbase.dll
0x00007ffeed2b0000 - 0x00007ffeed31a000 	C:\WINDOWS\System32\bcryptPrimitives.dll
0x00007ffeee950000 - 0x00007ffeee97e000 	C:\WINDOWS\System32\IMM32.DLL
0x0000000074620000 - 0x00000000746f2000 	C:\Program Files\Java\jdk1.8.0_111\jre\bin\msvcr100.dll
0x0000000073320000 - 0x0000000073bba000 	C:\Program Files\Java\jdk1.8.0_111\jre\bin\server\jvm.dll
0x00007ffeeff50000 - 0x00007ffeeff58000 	C:\WINDOWS\System32\PSAPI.DLL
0x00007ffeeb340000 - 0x00007ffeeb363000 	C:\WINDOWS\SYSTEM32\WINMM.dll
0x00007ffee5d50000 - 0x00007ffee5d59000 	C:\WINDOWS\SYSTEM32\WSOCK32.dll
0x00007ffee8cb0000 - 0x00007ffee8cba000 	C:\WINDOWS\SYSTEM32\VERSION.dll
0x00007ffeee110000 - 0x00007ffeee17a000 	C:\WINDOWS\System32\WS2_32.dll
0x0000000000e20000 - 0x0000000000e4b000 	C:\WINDOWS\SYSTEM32\WINMMBASE.dll
0x00007ffeed320000 - 0x00007ffeed362000 	C:\WINDOWS\System32\cfgmgr32.dll
0x0000000074960000 - 0x000000007496f000 	C:\Program Files\Java\jdk1.8.0_111\jre\bin\verify.dll
0x00000000745f0000 - 0x0000000074619000 	C:\Program Files\Java\jdk1.8.0_111\jre\bin\java.dll
0x00000000745d0000 - 0x00000000745e6000 	C:\Program Files\Java\jdk1.8.0_111\jre\bin\zip.dll
0x00007ffeeea40000 - 0x00007ffeeff48000 	C:\WINDOWS\System32\SHELL32.dll
0x00007ffeed710000 - 0x00007ffeeddea000 	C:\WINDOWS\System32\windows.storage.dll
0x00007ffeecf30000 - 0x00007ffeecf7c000 	C:\WINDOWS\System32\powrprof.dll
0x00007ffeee4b0000 - 0x00007ffeee502000 	C:\WINDOWS\System32\shlwapi.dll
0x00007ffeecf20000 - 0x00007ffeecf2f000 	C:\WINDOWS\System32\kernel.appcore.dll
0x00007ffeed490000 - 0x00007ffeed539000 	C:\WINDOWS\System32\shcore.dll
0x00007ffeecf00000 - 0x00007ffeecf14000 	C:\WINDOWS\System32\profapi.dll
0x0000000072760000 - 0x00000000728f8000 	C:\Program Files\Java\jdk1.8.0_111\jre\bin\awt.dll
0x00007ffeee980000 - 0x00007ffeeea3f000 	C:\WINDOWS\System32\OLEAUT32.dll
0x00007ffeed390000 - 0x00007ffeed42c000 	C:\WINDOWS\System32\msvcp_win.dll
0x00007ffeeb570000 - 0x00007ffeeb5ea000 	C:\WINDOWS\SYSTEM32\apphelp.dll

VM Arguments:
jvm_args: -Dfile.encoding=UTF-8 
java_command: szakdolgozat.Client.WindowFrame
java_class_path (initial): C:\Program Files\NetBeans 8.2\java\modules\ext\AbsoluteLayout.jar;C:\Users\Adrienn\Desktop\hsqldb\lib\hsqldb.jar;C:\Users\Adrienn\Documents\GitHub\javaProject\build\classes
Launcher Type: SUN_STANDARD

Environment Variables:
PATH=C:\ProgramData\Oracle\Java\javapath;C:\WINDOWS\system32;C:\WINDOWS;C:\WINDOWS\System32\Wbem;C:\WINDOWS\System32\WindowsPowerShell\v1.0\;C:\WINDOWS\system32\config\systemprofile\.dnx\bin;C:\Program Files\Microsoft DNX\Dnvm\;C:\Program Files\Microsoft SQL Server\130\Tools\Binn\;C:\Program Files (x86)\AMD\ATI.ACE\Core-Static;C:\Program Files\Java\jdk1.8.0_111\bin;C:\Program Files\Git\cmd;C:\ProgramData\Anaconda2;C:\Python27;C:\Users\Adrienn\AppData\Local\Microsoft\WindowsApps;
USERNAME=Adrienn
OS=Windows_NT
PROCESSOR_IDENTIFIER=AMD64 Family 21 Model 16 Stepping 1, AuthenticAMD



---------------  S Y S T E M  ---------------

OS: Windows 10.0 , 64 bit Build 14393 (10.0.14393.1198)

CPU:total 4 (4 cores per cpu, 1 threads per core) family 21 model 16 stepping 1, cmov, cx8, fxsr, mmx, sse, sse2, sse3, ssse3, sse4.1, sse4.2, popcnt, avx, aes, clmul, mmxext, 3dnowpref, lzcnt, sse4a, tsc, tscinvbit, tscinv, bmi1

Memory: 4k page, physical 3366256k(381832k free), swap 13852016k(4152k free)

vm_info: Java HotSpot(TM) 64-Bit Server VM (25.111-b14) for windows-amd64 JRE (1.8.0_111-b14), built on Sep 22 2016 19:24:05 by "java_re" with MS VC++ 10.0 (VS2010)

time: Wed Oct 11 13:16:56 2017
elapsed time: 0 seconds (0d 0h 0m 0s)

